<?xml version="1.0" encoding="UTF-8"?>
<testng-results ignored="0" total="1" passed="1" failed="0" skipped="0">
  <reporter-output>
  </reporter-output>
  <suite started-at="2023-01-25T19:52:03 BDT" name="Default suite" finished-at="2023-01-25T19:52:42 BDT" duration-ms="38354">
    <groups>
    </groups>
    <test started-at="2023-01-25T19:52:03 BDT" name="Default test" finished-at="2023-01-25T19:52:42 BDT" duration-ms="38354">
      <class name="assignment.cart">
        <test-method signature="firstTest()[pri:0, instance:assignment.cart@7f0eb4b4]" started-at="2023-01-25T19:52:03 BDT" name="firstTest" finished-at="2023-01-25T19:52:42 BDT" duration-ms="38285" status="PASS">
          <reporter-output>
          </reporter-output>
        </test-method> <!-- firstTest -->
      </class> <!-- assignment.cart -->
    </test> <!-- Default test -->
  </suite> <!-- Default suite -->
</testng-results>
